0 info it worked if it ends with ok
1 verbose cli [ '/usr/bin/nodejs', '/usr/bin/npm', 'publish' ]
2 info using npm@3.10.3
3 info using node@v6.6.0
4 verbose publish [ '.' ]
5 silly cache add args [ '.', null ]
6 verbose cache add spec .
7 silly cache add parsed spec Result {
7 silly cache add   raw: '.',
7 silly cache add   scope: null,
7 silly cache add   escapedName: null,
7 silly cache add   name: null,
7 silly cache add   rawSpec: '.',
7 silly cache add   spec: '/home/andi/dev/chargemaster/module',
7 silly cache add   type: 'directory' }
8 verbose addLocalDirectory /home/andi/.npm/chargemaster/0.1.3/package.tgz not in flight; packing
9 verbose correctMkdir /home/andi/.npm correctMkdir not in flight; initializing
10 info lifecycle chargemaster@0.1.3~prepublish: chargemaster@0.1.3
11 silly lifecycle chargemaster@0.1.3~prepublish: no script for prepublish, continuing
12 verbose tar pack [ '/home/andi/.npm/chargemaster/0.1.3/package.tgz',
12 verbose tar pack   '/home/andi/dev/chargemaster/module' ]
13 verbose tarball /home/andi/.npm/chargemaster/0.1.3/package.tgz
14 verbose folder /home/andi/dev/chargemaster/module
15 verbose addLocalTarball adding from inside cache /home/andi/.npm/chargemaster/0.1.3/package.tgz
16 verbose correctMkdir /home/andi/.npm correctMkdir not in flight; initializing
17 silly cache afterAdd chargemaster@0.1.3
18 verbose afterAdd /home/andi/.npm/chargemaster/0.1.3/package/package.json not in flight; writing
19 verbose correctMkdir /home/andi/.npm correctMkdir not in flight; initializing
20 verbose afterAdd /home/andi/.npm/chargemaster/0.1.3/package/package.json written
21 silly publish { name: 'chargemaster',
21 silly publish   version: '0.1.3',
21 silly publish   description: 'control various LiIon/NiMH/... chargers with nodejs',
21 silly publish   main: 'index.js',
21 silly publish   directories: { test: 'spec' },
21 silly publish   scripts: { test: 'node spec/run.js' },
21 silly publish   bin: { chargemaster: './cli.js' },
21 silly publish   author: { name: 'Andreas Langecker', email: 'a.langecker@posteo.de' },
21 silly publish   license: 'MIT',
21 silly publish   devDependencies: { jasmine: '^2.5.2' },
21 silly publish   dependencies:
21 silly publish    { 'babel-preset-es2015': '^6.14.0',
21 silly publish      'babel-register': '^6.14.0',
21 silly publish      colors: '^1.1.2',
21 silly publish      'command-line-args': '^3.0.1',
21 silly publish      'command-line-usage': '^3.0.3',
21 silly publish      'node-hid': '^0.5.1' },
21 silly publish   repository:
21 silly publish    { type: 'git',
21 silly publish      url: 'git+https://github.com/alangecker/chargemaster.git' },
21 silly publish   bugs: { url: 'https://github.com/alangecker/chargemaster/issues' },
21 silly publish   homepage: 'https://github.com/alangecker/chargemaster#readme',
21 silly publish   readme: '# chargemaster #\nControl various SkyRC, Voltcraft,.. battery charger with javascript/nodejs\n\n\n#### What works\n  - charging\n  - discharging\n  - status info\n  - read device info\n\n#### What does not work\n  - change programs\n  - change system options\n  - update firmeware\n\n#### Tested devices\n  - Voltcraft Ultimate 1000W\n\n\n## Warning!\nvery early version! Bugs can inflame your batteries! Use at your own risk! Neither me or other contributors will take responsibility for damages.\n\n\n## Usage as CLI Tool\n```bash\n# install\n$ npm install -g chargemaster\n\n# help\n$ chargemaster --help\n\n# example\n$ sudo chargemaster --type LiIon --mode charge --cells 7 --current 0.5\n\n\n```\n## Usage as npm module\n```\n$ npm install chargemaster\n```\n```js\nvar ChargeMaster = require(\'chargemaster\');\n```\n## API\n\n\n\n#### new ChargeMaster(vendorId, deviceId)\n  connects to Charger over USB. You can get the vendorId and deviceId with ```$ lsusb```\n  ```js\n  var cm = new ChargeMaster(0x0000, 0x0001);\n  ```\n\n#### cm.getStatus()\ngets current status as ChargeInfo instance\n\n###### Example Response\n  ```js\n    ChargeInfo {\n      workState: 1,\n      errorCode: 0,\n      OutVoltage: 4008, // mV\n      Current: 0, // mA\n      ChargeTimer: 4, // s\n      ChargeMah: 0, // mAh\n      ExtTemp: 0,\n      IntTemp: 22,\n      Intimpedance: 0,\n      CELL1: 6,\n      CELL2: 5,\n      CELL3: 5,\n      CELL4: 6,\n      CELL5: 5,\n      CELL6: 5,\n      CELL7: 5,\n      CELL8: 5\n}\n  ```\n#### cm.setBattType(string type)\nPossible types: ```LiPo, LiIon, LiFe, LiHv, NiMH, NiCd, Pb```\n\n#### cm.charge(Object options) ```Promise```\nstarts charging. Pass options as an Object\n###### Options\n```js\n{\n    cells: 1, // number of cells in series\n    current: 0.1, // in A\n    cellVoltage: 3.1, // in V\n    endVoltage: 4.2 // in V\n}\n```\n\n#### cm.discharge(Object options) ```Promise```\nstarts discharging\n###### Options\n```js\n{\n    cells: 1, // number of cells in series\n    current: 0.1, // in A\n    cellVoltage: 3.1 // in V\n}\n```\n#### cm.stop(Object options) ```Promise```\nstarts discharging\n\n####  cm.getMachineInfo() ```Promise```\n  gets details about the charger\n###### Example Response\n```js\n{\n    machineId: \'100069\',\n    coreType: \'\',\n    upgradeType: 1,\n    isEncrypted: false,\n    customerId: 4,\n    languageId: 0,\n    softwareVersion: 1.06,\n    hardwareVersion: 1,\n    reserved: 0,\n    mctype: 0,\n    checksum: 195\n}\n```\n\n#### cm.discharge(Object options) ```Promise```\nstarts discharging.\n\n\n#### Event: "connected"\n#### Event: "status"\n- ```info``` object with a lot of status informations\n\n#### Event: "started"\n#### Event: "stopped"\n#### Event: "finish"\n#### Event: "error"\n- ```error``` the error object\n\n\n## Example\n```js\nconst ChargeMaster = require(\'chargemaster\');\n\nconst cm = new ChargeMaster(0x0000, 0x0001);\n\ncm.on(\'error\', (err) => {\n  console.log(\'Error:\', err);\n});\n\ncm.getMachineInfo().then( (info) => {\n  console.log(`MachineId: ${info.machineId}\\nFirmware: ${info.softwareVersion}`);\n});\n\ncm.setBattType(\'LiIon\');\n\ncm.charge({\n  cells: 1,\n  current: 1.0 // A\n});\n```\n\n## License\n####The MIT License (MIT)\nCopyright (c) 2016 Andreas Langecker\n\nPermission is hereby granted, free of charge, to any person obtaining a copy of this software and associated documentation files (the "Software"), to deal in the Software without restriction, including without limitation the rights to use, copy, modify, merge, publish, distribute, sublicense, and/or sell copies of the Software, and to permit persons to whom the Software is furnished to do so, subject to the following conditions:\n\nThe above copyright notice and this permission notice shall be included in all copies or substantial portions of the Software.\n\nTHE SOFTWARE IS PROVIDED "AS IS", WITHOUT WARRANTY OF ANY KIND, EXPRESS OR IMPLIED, INCLUDING BUT NOT LIMITED TO THE WARRANTIES OF MERCHANTABILITY, FITNESS FOR A PARTICULAR PURPOSE AND NONINFRINGEMENT. IN NO EVENT SHALL THE AUTHORS OR COPYRIGHT HOLDERS BE LIABLE FOR ANY CLAIM, DAMAGES OR OTHER LIABILITY, WHETHER IN AN ACTION OF CONTRACT, TORT OR OTHERWISE, ARISING FROM, OUT OF OR IN CONNECTION WITH THE SOFTWARE OR THE USE OR OTHER DEALINGS IN THE SOFTWARE.\n',
21 silly publish   readmeFilename: 'README.md',
21 silly publish   gitHead: '9a9f4e9fd6341ed82176ec12d329292b58a34d28',
21 silly publish   _id: 'chargemaster@0.1.3',
21 silly publish   _shasum: 'e11fa607eed2b3893d424e3aee076b0aa1e93bfe',
21 silly publish   _from: '.' }
22 verbose getPublishConfig undefined
23 silly mapToRegistry name chargemaster
24 silly mapToRegistry using default registry
25 silly mapToRegistry registry https://registry.npmjs.org/
26 silly mapToRegistry data Result {
26 silly mapToRegistry   raw: 'chargemaster',
26 silly mapToRegistry   scope: null,
26 silly mapToRegistry   escapedName: 'chargemaster',
26 silly mapToRegistry   name: 'chargemaster',
26 silly mapToRegistry   rawSpec: '',
26 silly mapToRegistry   spec: 'latest',
26 silly mapToRegistry   type: 'tag' }
27 silly mapToRegistry uri https://registry.npmjs.org/chargemaster
28 verbose publish registryBase https://registry.npmjs.org/
29 silly publish uploading /home/andi/.npm/chargemaster/0.1.3/package.tgz
30 verbose request uri https://registry.npmjs.org/chargemaster
31 verbose request sending authorization for write operation
32 info attempt registry request try #1 at 9:13:38 PM
33 verbose request using bearer token for auth
34 verbose request id 5a8c4f9a99f7b0c7
35 http request PUT https://registry.npmjs.org/chargemaster
36 http 403 https://registry.npmjs.org/chargemaster
37 verbose headers { 'content-type': 'application/json',
37 verbose headers   'cache-control': 'max-age=300',
37 verbose headers   'content-length': '95',
37 verbose headers   'accept-ranges': 'bytes',
37 verbose headers   date: 'Wed, 21 Sep 2016 19:13:43 GMT',
37 verbose headers   via: '1.1 varnish',
37 verbose headers   connection: 'keep-alive',
37 verbose headers   'x-served-by': 'cache-fra1229-FRA',
37 verbose headers   'x-cache': 'MISS',
37 verbose headers   'x-cache-hits': '0',
37 verbose headers   'x-timer': 'S1474485221.924240,VS0,VE1298',
37 verbose headers   vary: 'Accept-Encoding' }
38 verbose request invalidating /home/andi/.npm/registry.npmjs.org/chargemaster on PUT
39 error publish Failed PUT 403
40 verbose stack Error: "You cannot publish over the previously published version 0.1.3." : chargemaster
40 verbose stack     at makeError (/usr/lib/node_modules/npm/node_modules/npm-registry-client/lib/request.js:264:12)
40 verbose stack     at CachingRegistryClient.<anonymous> (/usr/lib/node_modules/npm/node_modules/npm-registry-client/lib/request.js:252:14)
40 verbose stack     at Request._callback (/usr/lib/node_modules/npm/node_modules/npm-registry-client/lib/request.js:172:14)
40 verbose stack     at Request.self.callback (/usr/lib/node_modules/npm/node_modules/request/request.js:200:22)
40 verbose stack     at emitTwo (events.js:106:13)
40 verbose stack     at Request.emit (events.js:191:7)
40 verbose stack     at Request.<anonymous> (/usr/lib/node_modules/npm/node_modules/request/request.js:1067:10)
40 verbose stack     at emitOne (events.js:101:20)
40 verbose stack     at Request.emit (events.js:188:7)
40 verbose stack     at IncomingMessage.<anonymous> (/usr/lib/node_modules/npm/node_modules/request/request.js:988:12)
41 verbose statusCode 403
42 verbose pkgid chargemaster
43 verbose cwd /home/andi/dev/chargemaster/module
44 error Linux 3.19.0-68-generic
45 error argv "/usr/bin/nodejs" "/usr/bin/npm" "publish"
46 error node v6.6.0
47 error npm  v3.10.3
48 error code E403
49 error "You cannot publish over the previously published version 0.1.3." : chargemaster
50 error If you need help, you may report this error at:
50 error     <https://github.com/npm/npm/issues>
51 verbose exit [ 1, true ]
